[ 2023-10-06 21:17:44,778 ] 26 root - INFO - Data Ingestion methods Starts
[ 2023-10-06 21:17:44,842 ] 29 root - INFO - Dataset read as pandas Dataframe
[ 2023-10-06 21:17:45,016 ] 33 root - INFO - Train test split
[ 2023-10-06 21:17:45,120 ] 39 root - INFO - Ingestion of Data is completed
[ 2023-10-06 21:17:45,216 ] 64 root - INFO - Read train and test data completed
[ 2023-10-06 21:17:45,229 ] 65 root - INFO - Train Dataframe Head : 
   age  workclass  education_num  marital_status  occupation  relationship  race  sex  capital_gain  capital_loss  hours_per_week  native_country  income
0   48          5             10               2           2             0     0    1          7688             0              40              38       1
1   31          3             13               4          11             1     4    1             0             0              40              38       0
2   50          3             16               2           9             0     4    1         15024             0              50              38       1
3   22          3              9               2          11             0     4    1             0             0              45              38       0
4   28          3              9               4           3             1     4    0             0             0              45              38       0
[ 2023-10-06 21:17:45,263 ] 66 root - INFO - Test Dataframe Head  : 
   age  workclass  education_num  marital_status  occupation  relationship  race  sex  capital_gain  capital_loss  hours_per_week  native_country  income
0   31          6             11               2           2             0     4    1             0             0              40              38       0
1   24          0             13               4           3             1     4    1             0             0              40              38       0
2   60          1             10               2           7             0     1    1             0             0              60              29       0
3   31          3             10               4           3             1     4    1             0             0              40              38       0
4   43          0             13               4           3             1     4    1             0             0              40              38       1
[ 2023-10-06 21:17:45,263 ] 68 root - INFO - Obtaining preprocessing object
[ 2023-10-06 21:17:45,264 ] 27 root - INFO - Data Transformation initiated
[ 2023-10-06 21:17:45,264 ] 33 root - INFO - Pipeline Initiated
[ 2023-10-06 21:17:45,442 ] 85 root - INFO - Applying preprocessing object on training and testing datasets.
[ 2023-10-06 21:17:45,442 ] 97 root - INFO - Preprocessor pickle file saved
[ 2023-10-06 21:17:45,451 ] 29 root - INFO - Splitting Dependent and Independent variables from train and test data
[ 2023-10-06 21:20:45,878 ] 70 root - INFO - Model Report : {'Random Forest': 0.8506453595574678, 'Decision Tree': 0.8140749846342963, 'Logistic': 0.8255480434337226}
[ 2023-10-06 21:20:45,878 ] 83 root - INFO - Best Model Found , Model Name : Random Forest , Accuracy_Score : 0.8506453595574678
